[debug] [2018-05-04T18:37:31.170Z] ----------------------------------------------------------------------
[debug] [2018-05-04T18:37:31.172Z] Command:       /usr/bin/node /usr/bin/firebase serve
[debug] [2018-05-04T18:37:31.173Z] CLI Version:   3.18.4
[debug] [2018-05-04T18:37:31.173Z] Platform:      linux
[debug] [2018-05-04T18:37:31.173Z] Node Version:  v9.11.1
[debug] [2018-05-04T18:37:31.173Z] Time:          Fri May 04 2018 11:37:31 GMT-0700 (PDT)
[debug] [2018-05-04T18:37:31.173Z] ----------------------------------------------------------------------
[debug] 
[debug] [2018-05-04T18:37:31.187Z] > command requires scopes: ["email","openid","https://www.googleapis.com/auth/cloudplatformprojects.readonly","https://www.googleapis.com/auth/firebase","https://www.googleapis.com/auth/cloud-platform"]
[debug] [2018-05-04T18:37:31.187Z] > authorizing via signed-in user
[debug] [2018-05-04T18:37:31.189Z] >>> HTTP REQUEST GET https://admin.firebase.com/v1/projects/stymer-ea133  
  
 Fri May 04 2018 11:37:31 GMT-0700 (PDT)
[debug] [2018-05-04T18:37:31.848Z] <<< HTTP RESPONSE 200
[debug] [2018-05-04T18:37:31.849Z] >>> HTTP REQUEST GET https://admin.firebase.com/v1/database/stymer-ea133/tokens  
  
 Fri May 04 2018 11:37:31 GMT-0700 (PDT)
[debug] [2018-05-04T18:37:32.246Z] <<< HTTP RESPONSE 200
[debug] [2018-05-04T18:37:32.246Z] >>> HTTP REQUEST GET https://cloudresourcemanager.googleapis.com/v1/projects/stymer-ea133  
  
 Fri May 04 2018 11:37:32 GMT-0700 (PDT)
[debug] [2018-05-04T18:37:32.782Z] <<< HTTP RESPONSE 200
[info] 
[info] === Serving from '/home/cheukyin699/Documents/Web/stymer'...
[info] 
[debug] [2018-05-04T18:37:32.784Z] >>> HTTP REQUEST GET https://mobilesdk-pa.googleapis.com/v1/projects/567827944578/clients/_:getWebAppConfig  
  
 Fri May 04 2018 11:37:32 GMT-0700 (PDT)
[debug] [2018-05-04T18:37:33.270Z] <<< HTTP RESPONSE 200
[info] i  hosting: Serving hosting files from: public
[info] ✔  hosting: Local server: http://localhost:5000

